<?xml version="1.0" encoding="UTF-8" ?>
<testsuite tests="4" failures="4" name="autocucumber.RunCucumberTest" time="34.21" errors="0" skipped="0">
  <properties>
    <property name="java.runtime.name" value="Java(TM) SE Runtime Environment"/>
    <property name="sun.boot.library.path" value="C:\Program Files\Java\jdk1.8.0_211\jre\bin"/>
    <property name="java.vm.version" value="25.211-b12"/>
    <property name="java.vm.vendor" value="Oracle Corporation"/>
    <property name="maven.multiModuleProjectDirectory" value="C:\Users\Ga WBC\auto-cucumber"/>
    <property name="java.vendor.url" value="http://java.oracle.com/"/>
    <property name="path.separator" value=";"/>
    <property name="guice.disable.misplaced.annotation.check" value="true"/>
    <property name="java.vm.name" value="Java HotSpot(TM) 64-Bit Server VM"/>
    <property name="file.encoding.pkg" value="sun.io"/>
    <property name="user.script" value=""/>
    <property name="user.country" value="US"/>
    <property name="sun.java.launcher" value="SUN_STANDARD"/>
    <property name="sun.os.patch.level" value=""/>
    <property name="java.vm.specification.name" value="Java Virtual Machine Specification"/>
    <property name="user.dir" value="C:\Users\Ga WBC\auto-cucumber"/>
    <property name="java.runtime.version" value="1.8.0_211-b12"/>
    <property name="java.awt.graphicsenv" value="sun.awt.Win32GraphicsEnvironment"/>
    <property name="java.endorsed.dirs" value="C:\Program Files\Java\jdk1.8.0_211\jre\lib\endorsed"/>
    <property name="os.arch" value="amd64"/>
    <property name="java.io.tmpdir" value="C:\Users\GAWBC~1\AppData\Local\Temp\"/>
    <property name="line.separator" value="
"/>
    <property name="java.vm.specification.vendor" value="Oracle Corporation"/>
    <property name="user.variant" value=""/>
    <property name="os.name" value="Windows 10"/>
    <property name="classworlds.conf" value="C:\ProgramData\chocolatey\lib\maven\apache-maven-3.6.3\bin\..\bin\m2.conf"/>
    <property name="sun.jnu.encoding" value="Cp1252"/>
    <property name="java.library.path" value="C:\Program Files\Java\jdk1.8.0_211\bin;C:\WINDOWS\Sun\Java\bin;C:\WINDOWS\system32;C:\WINDOWS;C:\Program Files (x86)\Common Files\Oracle\Java\javapath;C:\WINDOWS\system32;C:\WINDOWS;C:\WINDOWS\System32\Wbem;C:\WINDOWS\System32\WindowsPowerShell\v1.0\;C:\WINDOWS\System32\OpenSSH\;C:\Python27;C:\Program Files\Git\cmd;C:\Program Files\Java\jdk-11.0.1;&quot;C:\Program Files\Java\jdk1.8.0_211\bin;&quot;;C:\Program Files\nodejs\;C:\ProgramData\chocolatey\bin;C:\Program Files\Zulu\zulu-8\bin\;C:\ProgramData\chocolatey\lib\maven\apache-maven-3.6.3\bin;C:\Program Files\Java\jdk1.8.0_211\bin;C:\Android\android-sdk\tools;C:\Android\android-sdk\platform-tools;C:\Android\android-sdk\tools\bin;C:\Users\Ga WBC\AppData\Local\Microsoft\WindowsApps;C:\Users\Ga WBC\AppData\Roaming\npm;C:\Users\Ga WBC\AppData\Local\Programs\Microsoft VS Code\bin;C:\Program Files\mingw-w64\x86_64-8.1.0-posix-seh-rt_v6-rev0\mingw64\bin;;."/>
    <property name="maven.conf" value="C:\ProgramData\chocolatey\lib\maven\apache-maven-3.6.3\bin\../conf"/>
    <property name="java.specification.name" value="Java Platform API Specification"/>
    <property name="java.class.version" value="52.0"/>
    <property name="java.net.preferIPv4Stack" value="true"/>
    <property name="sun.management.compiler" value="HotSpot 64-Bit Tiered Compilers"/>
    <property name="os.version" value="10.0"/>
    <property name="library.jansi.path" value="C:\ProgramData\chocolatey\lib\maven\apache-maven-3.6.3\bin\..\lib\jansi-native"/>
    <property name="user.home" value="C:\Users\Ga WBC"/>
    <property name="user.timezone" value="Asia/Bangkok"/>
    <property name="java.awt.printerjob" value="sun.awt.windows.WPrinterJob"/>
    <property name="java.specification.version" value="1.8"/>
    <property name="file.encoding" value="Cp1252"/>
    <property name="user.name" value="Ga WBC"/>
    <property name="java.class.path" value="C:\ProgramData\chocolatey\lib\maven\apache-maven-3.6.3\bin\..\boot\plexus-classworlds-2.6.0.jar"/>
    <property name="filter" value="chrome"/>
    <property name="java.vm.specification.version" value="1.8"/>
    <property name="sun.arch.data.model" value="64"/>
    <property name="java.home" value="C:\Program Files\Java\jdk1.8.0_211\jre"/>
    <property name="sun.java.command" value="org.codehaus.plexus.classworlds.launcher.Launcher test -Dfilter=chrome"/>
    <property name="java.specification.vendor" value="Oracle Corporation"/>
    <property name="user.language" value="en"/>
    <property name="awt.toolkit" value="sun.awt.windows.WToolkit"/>
    <property name="java.vm.info" value="mixed mode"/>
    <property name="java.version" value="1.8.0_211"/>
    <property name="java.ext.dirs" value="C:\Program Files\Java\jdk1.8.0_211\jre\lib\ext;C:\WINDOWS\Sun\Java\lib\ext"/>
    <property name="sun.boot.class.path" value="C:\Program Files\Java\jdk1.8.0_211\jre\lib\resources.jar;C:\Program Files\Java\jdk1.8.0_211\jre\lib\rt.jar;C:\Program Files\Java\jdk1.8.0_211\jre\lib\sunrsasign.jar;C:\Program Files\Java\jdk1.8.0_211\jre\lib\jsse.jar;C:\Program Files\Java\jdk1.8.0_211\jre\lib\jce.jar;C:\Program Files\Java\jdk1.8.0_211\jre\lib\charsets.jar;C:\Program Files\Java\jdk1.8.0_211\jre\lib\jfr.jar;C:\Program Files\Java\jdk1.8.0_211\jre\classes"/>
    <property name="sun.stderr.encoding" value="cp437"/>
    <property name="java.vendor" value="Oracle Corporation"/>
    <property name="maven.home" value="C:\ProgramData\chocolatey\lib\maven\apache-maven-3.6.3\bin\.."/>
    <property name="file.separator" value="\"/>
    <property name="java.vendor.url.bug" value="http://bugreport.sun.com/bugreport/"/>
    <property name="sun.cpu.endian" value="little"/>
    <property name="sun.io.unicode.encoding" value="UnicodeLittle"/>
    <property name="sun.stdout.encoding" value="cp437"/>
    <property name="sun.desktop" value="windows"/>
    <property name="sun.cpu.isalist" value="amd64"/>
  </properties>
  <testcase classname="EMPTY_NAME" name="+ two numbers" time="8.771">
    <failure message="expected:&lt;1[]&gt; but was:&lt;1[0]&gt;" type="org.junit.ComparisonFailure">org.junit.ComparisonFailure: expected:&lt;1[]&gt; but was:&lt;1[0]&gt;
	at org.junit.Assert.assertEquals(Assert.java:117)
	at org.junit.Assert.assertEquals(Assert.java:146)
	at autocucumber.stepdefinitions.CalculateDefinitions.the_result_should_be(CalculateDefinitions.java:40)
	at ✽.the result should be 10(file:///C:/Users/Ga%20WBC/auto-cucumber/src/test/resources/autocucumber/calculator.feature:7)
</failure>
    <system-out>
Scenario Outline: + two numbers &amp;#27;[90m# src/test/resources/autocucumber/calculator.feature:10&amp;#27;[0m
  &amp;#27;[32mGiven &amp;#27;[0m&amp;#27;[32mOpen page desmos.com&amp;#27;[0m    &amp;#27;[90m# autocucumber.stepdefinitions.CalculateDefinitions.open_page_desmos_com()&amp;#27;[0m
  &amp;#27;[32mWhen &amp;#27;[0m&amp;#27;[32mEnter the number one &amp;#27;[0m&amp;#27;[32m&amp;#27;[1m9&amp;#27;[0m   &amp;#27;[90m# autocucumber.stepdefinitions.CalculateDefinitions.enter_the_number_one(java.lang.String)&amp;#27;[0m
  &amp;#27;[32mAnd &amp;#27;[0m&amp;#27;[32mEnter the operator &amp;#27;[0m&amp;#27;[32m&amp;#27;[1m+&amp;#27;[0m      &amp;#27;[90m# autocucumber.stepdefinitions.CalculateDefinitions.enter_the_operator(java.lang.String)&amp;#27;[0m
  &amp;#27;[32mAnd &amp;#27;[0m&amp;#27;[32mEnter the number two &amp;#27;[0m&amp;#27;[32m&amp;#27;[1m1&amp;#27;[0m    &amp;#27;[90m# autocucumber.stepdefinitions.CalculateDefinitions.enter_the_number_two(java.lang.String)&amp;#27;[0m
  &amp;#27;[31mThen &amp;#27;[0m&amp;#27;[31mthe result should be &amp;#27;[0m&amp;#27;[31m&amp;#27;[1m10&amp;#27;[0m  &amp;#27;[90m# autocucumber.stepdefinitions.CalculateDefinitions.the_result_should_be(java.lang.String)&amp;#27;[0m
      &amp;#27;[31morg.junit.ComparisonFailure: expected:&lt;1[]&gt; but was:&lt;1[0]&gt;
	at org.junit.Assert.assertEquals(Assert.java:117)
	at org.junit.Assert.assertEquals(Assert.java:146)
	at autocucumber.stepdefinitions.CalculateDefinitions.the_result_should_be(CalculateDefinitions.java:40)
	at ?.the result should be 10(file:///C:/Users/Ga%20WBC/auto-cucumber/src/test/resources/autocucumber/calculator.feature:7)
&amp;#27;[0m

    Embedding null [image/png 42905 bytes]

</system-out>
    <system-err>May 24, 2020 10:45:01 PM io.cucumber.junit.Cucumber &lt;init&gt;
WARNING: By default Cucumber is running in --non-strict mode.
This default will change to --strict and --non-strict will be removed.
You can use --strict or @CucumberOptions(strict = true) to suppress this warning
Starting ChromeDriver 83.0.4103.39 (ccbf011cb2d2b19b506d844400483861342c20cd-refs/branch-heads/4103@{#416}) on port 13579
Only local connections are allowed.
Please see https://chromedriver.chromium.org/security-considerations for suggestions on keeping ChromeDriver safe.
ChromeDriver was started successfully.
May 24, 2020 10:45:05 PM org.openqa.selenium.remote.ProtocolHandshake createSession
INFO: Detected dialect: W3C
</system-err>
  </testcase>
  <testcase classname="EMPTY_NAME" name="- two numbers" time="8.703">
    <failure message="expected:&lt;[]3&gt; but was:&lt;[-]3&gt;" type="org.junit.ComparisonFailure">org.junit.ComparisonFailure: expected:&lt;[]3&gt; but was:&lt;[-]3&gt;
	at org.junit.Assert.assertEquals(Assert.java:117)
	at org.junit.Assert.assertEquals(Assert.java:146)
	at autocucumber.stepdefinitions.CalculateDefinitions.the_result_should_be(CalculateDefinitions.java:40)
	at ✽.the result should be -3(file:///C:/Users/Ga%20WBC/auto-cucumber/src/test/resources/autocucumber/calculator.feature:7)
</failure>
    <system-out>
Scenario Outline: - two numbers &amp;#27;[90m# src/test/resources/autocucumber/calculator.feature:11&amp;#27;[0m
  &amp;#27;[32mGiven &amp;#27;[0m&amp;#27;[32mOpen page desmos.com&amp;#27;[0m    &amp;#27;[90m# autocucumber.stepdefinitions.CalculateDefinitions.open_page_desmos_com()&amp;#27;[0m
  &amp;#27;[32mWhen &amp;#27;[0m&amp;#27;[32mEnter the number one &amp;#27;[0m&amp;#27;[32m&amp;#27;[1m6&amp;#27;[0m   &amp;#27;[90m# autocucumber.stepdefinitions.CalculateDefinitions.enter_the_number_one(java.lang.String)&amp;#27;[0m
  &amp;#27;[32mAnd &amp;#27;[0m&amp;#27;[32mEnter the operator &amp;#27;[0m&amp;#27;[32m&amp;#27;[1m-&amp;#27;[0m      &amp;#27;[90m# autocucumber.stepdefinitions.CalculateDefinitions.enter_the_operator(java.lang.String)&amp;#27;[0m
  &amp;#27;[32mAnd &amp;#27;[0m&amp;#27;[32mEnter the number two &amp;#27;[0m&amp;#27;[32m&amp;#27;[1m9&amp;#27;[0m    &amp;#27;[90m# autocucumber.stepdefinitions.CalculateDefinitions.enter_the_number_two(java.lang.String)&amp;#27;[0m
  &amp;#27;[31mThen &amp;#27;[0m&amp;#27;[31mthe result should be &amp;#27;[0m&amp;#27;[31m&amp;#27;[1m-3&amp;#27;[0m  &amp;#27;[90m# autocucumber.stepdefinitions.CalculateDefinitions.the_result_should_be(java.lang.String)&amp;#27;[0m
      &amp;#27;[31morg.junit.ComparisonFailure: expected:&lt;[]3&gt; but was:&lt;[-]3&gt;
	at org.junit.Assert.assertEquals(Assert.java:117)
	at org.junit.Assert.assertEquals(Assert.java:146)
	at autocucumber.stepdefinitions.CalculateDefinitions.the_result_should_be(CalculateDefinitions.java:40)
	at ?.the result should be -3(file:///C:/Users/Ga%20WBC/auto-cucumber/src/test/resources/autocucumber/calculator.feature:7)
&amp;#27;[0m

    Embedding null [image/png 42637 bytes]

</system-out>
    <system-err>Starting ChromeDriver 83.0.4103.39 (ccbf011cb2d2b19b506d844400483861342c20cd-refs/branch-heads/4103@{#416}) on port 35763
Only local connections are allowed.
Please see https://chromedriver.chromium.org/security-considerations for suggestions on keeping ChromeDriver safe.
ChromeDriver was started successfully.
May 24, 2020 10:45:13 PM org.openqa.selenium.remote.ProtocolHandshake createSession
INFO: Detected dialect: W3C
</system-err>
  </testcase>
  <testcase classname="EMPTY_NAME" name="* two numbers" time="8.731">
    <failure message="expected:&lt;1[]&gt; but was:&lt;1[6]&gt;" type="org.junit.ComparisonFailure">org.junit.ComparisonFailure: expected:&lt;1[]&gt; but was:&lt;1[6]&gt;
	at org.junit.Assert.assertEquals(Assert.java:117)
	at org.junit.Assert.assertEquals(Assert.java:146)
	at autocucumber.stepdefinitions.CalculateDefinitions.the_result_should_be(CalculateDefinitions.java:40)
	at ✽.the result should be 16(file:///C:/Users/Ga%20WBC/auto-cucumber/src/test/resources/autocucumber/calculator.feature:7)
</failure>
    <system-out>
Scenario Outline: * two numbers &amp;#27;[90m# src/test/resources/autocucumber/calculator.feature:12&amp;#27;[0m
  &amp;#27;[32mGiven &amp;#27;[0m&amp;#27;[32mOpen page desmos.com&amp;#27;[0m    &amp;#27;[90m# autocucumber.stepdefinitions.CalculateDefinitions.open_page_desmos_com()&amp;#27;[0m
  &amp;#27;[32mWhen &amp;#27;[0m&amp;#27;[32mEnter the number one &amp;#27;[0m&amp;#27;[32m&amp;#27;[1m8&amp;#27;[0m   &amp;#27;[90m# autocucumber.stepdefinitions.CalculateDefinitions.enter_the_number_one(java.lang.String)&amp;#27;[0m
  &amp;#27;[32mAnd &amp;#27;[0m&amp;#27;[32mEnter the operator &amp;#27;[0m&amp;#27;[32m&amp;#27;[1m*&amp;#27;[0m      &amp;#27;[90m# autocucumber.stepdefinitions.CalculateDefinitions.enter_the_operator(java.lang.String)&amp;#27;[0m
  &amp;#27;[32mAnd &amp;#27;[0m&amp;#27;[32mEnter the number two &amp;#27;[0m&amp;#27;[32m&amp;#27;[1m2&amp;#27;[0m    &amp;#27;[90m# autocucumber.stepdefinitions.CalculateDefinitions.enter_the_number_two(java.lang.String)&amp;#27;[0m
  &amp;#27;[31mThen &amp;#27;[0m&amp;#27;[31mthe result should be &amp;#27;[0m&amp;#27;[31m&amp;#27;[1m16&amp;#27;[0m  &amp;#27;[90m# autocucumber.stepdefinitions.CalculateDefinitions.the_result_should_be(java.lang.String)&amp;#27;[0m
      &amp;#27;[31morg.junit.ComparisonFailure: expected:&lt;1[]&gt; but was:&lt;1[6]&gt;
	at org.junit.Assert.assertEquals(Assert.java:117)
	at org.junit.Assert.assertEquals(Assert.java:146)
	at autocucumber.stepdefinitions.CalculateDefinitions.the_result_should_be(CalculateDefinitions.java:40)
	at ?.the result should be 16(file:///C:/Users/Ga%20WBC/auto-cucumber/src/test/resources/autocucumber/calculator.feature:7)
&amp;#27;[0m

    Embedding null [image/png 38308 bytes]

</system-out>
    <system-err>Starting ChromeDriver 83.0.4103.39 (ccbf011cb2d2b19b506d844400483861342c20cd-refs/branch-heads/4103@{#416}) on port 23958
Only local connections are allowed.
Please see https://chromedriver.chromium.org/security-considerations for suggestions on keeping ChromeDriver safe.
ChromeDriver was started successfully.
May 24, 2020 10:45:22 PM org.openqa.selenium.remote.ProtocolHandshake createSession
INFO: Detected dialect: W3C
</system-err>
  </testcase>
  <testcase classname="EMPTY_NAME" name="/ two numbers" time="8.005">
    <failure message="expected:&lt;3[]&gt; but was:&lt;3[.5]&gt;" type="org.junit.ComparisonFailure">org.junit.ComparisonFailure: expected:&lt;3[]&gt; but was:&lt;3[.5]&gt;
	at org.junit.Assert.assertEquals(Assert.java:117)
	at org.junit.Assert.assertEquals(Assert.java:146)
	at autocucumber.stepdefinitions.CalculateDefinitions.the_result_should_be(CalculateDefinitions.java:40)
	at ✽.the result should be 3.5(file:///C:/Users/Ga%20WBC/auto-cucumber/src/test/resources/autocucumber/calculator.feature:7)
</failure>
    <system-out>
Scenario Outline: / two numbers &amp;#27;[90m# src/test/resources/autocucumber/calculator.feature:13&amp;#27;[0m
  &amp;#27;[32mGiven &amp;#27;[0m&amp;#27;[32mOpen page desmos.com&amp;#27;[0m    &amp;#27;[90m# autocucumber.stepdefinitions.CalculateDefinitions.open_page_desmos_com()&amp;#27;[0m
  &amp;#27;[32mWhen &amp;#27;[0m&amp;#27;[32mEnter the number one &amp;#27;[0m&amp;#27;[32m&amp;#27;[1m7&amp;#27;[0m   &amp;#27;[90m# autocucumber.stepdefinitions.CalculateDefinitions.enter_the_number_one(java.lang.String)&amp;#27;[0m
  &amp;#27;[32mAnd &amp;#27;[0m&amp;#27;[32mEnter the operator &amp;#27;[0m&amp;#27;[32m&amp;#27;[1m/&amp;#27;[0m      &amp;#27;[90m# autocucumber.stepdefinitions.CalculateDefinitions.enter_the_operator(java.lang.String)&amp;#27;[0m
  &amp;#27;[32mAnd &amp;#27;[0m&amp;#27;[32mEnter the number two &amp;#27;[0m&amp;#27;[32m&amp;#27;[1m2&amp;#27;[0m    &amp;#27;[90m# autocucumber.stepdefinitions.CalculateDefinitions.enter_the_number_two(java.lang.String)&amp;#27;[0m
  &amp;#27;[31mThen &amp;#27;[0m&amp;#27;[31mthe result should be &amp;#27;[0m&amp;#27;[31m&amp;#27;[1m3.5&amp;#27;[0m &amp;#27;[90m# autocucumber.stepdefinitions.CalculateDefinitions.the_result_should_be(java.lang.String)&amp;#27;[0m
      &amp;#27;[31morg.junit.ComparisonFailure: expected:&lt;3[]&gt; but was:&lt;3[.5]&gt;
	at org.junit.Assert.assertEquals(Assert.java:117)
	at org.junit.Assert.assertEquals(Assert.java:146)
	at autocucumber.stepdefinitions.CalculateDefinitions.the_result_should_be(CalculateDefinitions.java:40)
	at ?.the result should be 3.5(file:///C:/Users/Ga%20WBC/auto-cucumber/src/test/resources/autocucumber/calculator.feature:7)
&amp;#27;[0m

    Embedding null [image/png 39799 bytes]

</system-out>
    <system-err>Starting ChromeDriver 83.0.4103.39 (ccbf011cb2d2b19b506d844400483861342c20cd-refs/branch-heads/4103@{#416}) on port 39388
Only local connections are allowed.
Please see https://chromedriver.chromium.org/security-considerations for suggestions on keeping ChromeDriver safe.
ChromeDriver was started successfully.
May 24, 2020 10:45:31 PM org.openqa.selenium.remote.ProtocolHandshake createSession
INFO: Detected dialect: W3C
</system-err>
  </testcase>
</testsuite>